2017-05-23T14:28:42.303Z - error:  TypeError: this.model is not a function
    at TeamSchema.statics.readByCategory (/Users/bcooke/Documents/Workspace/RCSwebsite/api/models/team/team.model.js:81:14)
    at Function.TeamSchema.statics.readByCategory (/Users/bcooke/Documents/Workspace/RCSwebsite/api/models/team/team.model.js:80:12)
    at /Users/bcooke/Documents/Workspace/RCSwebsite/api/models/team/endpoints.js:28:10
    at Layer.handle [as handle_request] (/Users/bcooke/Documents/Workspace/RCSwebsite/api/node_modules/express/lib/router/layer.js:95:5)
    at next (/Users/bcooke/Documents/Workspace/RCSwebsite/api/node_modules/express/lib/router/route.js:137:13)
    at Route.dispatch (/Users/bcooke/Documents/Workspace/RCSwebsite/api/node_modules/express/lib/router/route.js:112:3)
    at Layer.handle [as handle_request] (/Users/bcooke/Documents/Workspace/RCSwebsite/api/node_modules/express/lib/router/layer.js:95:5)
    at /Users/bcooke/Documents/Workspace/RCSwebsite/api/node_modules/express/lib/router/index.js:281:22
    at param (/Users/bcooke/Documents/Workspace/RCSwebsite/api/node_modules/express/lib/router/index.js:354:14)
    at param (/Users/bcooke/Documents/Workspace/RCSwebsite/api/node_modules/express/lib/router/index.js:365:14)
    at Function.process_params (/Users/bcooke/Documents/Workspace/RCSwebsite/api/node_modules/express/lib/router/index.js:410:3)
    at next (/Users/bcooke/Documents/Workspace/RCSwebsite/api/node_modules/express/lib/router/index.js:275:10)
    at Function.handle (/Users/bcooke/Documents/Workspace/RCSwebsite/api/node_modules/express/lib/router/index.js:174:3)
    at router (/Users/bcooke/Documents/Workspace/RCSwebsite/api/node_modules/express/lib/router/index.js:47:12)
    at Layer.handle [as handle_request] (/Users/bcooke/Documents/Workspace/RCSwebsite/api/node_modules/express/lib/router/layer.js:95:5)
    at trim_prefix (/Users/bcooke/Documents/Workspace/RCSwebsite/api/node_modules/express/lib/router/index.js:317:13)
    at /Users/bcooke/Documents/Workspace/RCSwebsite/api/node_modules/express/lib/router/index.js:284:7
    at Function.process_params (/Users/bcooke/Documents/Workspace/RCSwebsite/api/node_modules/express/lib/router/index.js:335:12)
    at next (/Users/bcooke/Documents/Workspace/RCSwebsite/api/node_modules/express/lib/router/index.js:275:10)
    at session (/Users/bcooke/Documents/Workspace/RCSwebsite/node_modules/express-session/index.js:454:7)
    at Layer.handle [as handle_request] (/Users/bcooke/Documents/Workspace/RCSwebsite/api/node_modules/express/lib/router/layer.js:95:5)
    at trim_prefix (/Users/bcooke/Documents/Workspace/RCSwebsite/api/node_modules/express/lib/router/index.js:317:13)
    at /Users/bcooke/Documents/Workspace/RCSwebsite/api/node_modules/express/lib/router/index.js:284:7
    at Function.process_params (/Users/bcooke/Documents/Workspace/RCSwebsite/api/node_modules/express/lib/router/index.js:335:12)
    at next (/Users/bcooke/Documents/Workspace/RCSwebsite/api/node_modules/express/lib/router/index.js:275:10)
    at urlencodedParser (/Users/bcooke/Documents/Workspace/RCSwebsite/api/node_modules/body-parser/lib/types/urlencoded.js:91:7)
    at Layer.handle [as handle_request] (/Users/bcooke/Documents/Workspace/RCSwebsite/api/node_modules/express/lib/router/layer.js:95:5)
    at trim_prefix (/Users/bcooke/Documents/Workspace/RCSwebsite/api/node_modules/express/lib/router/index.js:317:13)
    at /Users/bcooke/Documents/Workspace/RCSwebsite/api/node_modules/express/lib/router/index.js:284:7
    at Function.process_params (/Users/bcooke/Documents/Workspace/RCSwebsite/api/node_modules/express/lib/router/index.js:335:12)
    at next (/Users/bcooke/Documents/Workspace/RCSwebsite/api/node_modules/express/lib/router/index.js:275:10)
    at jsonParser (/Users/bcooke/Documents/Workspace/RCSwebsite/api/node_modules/body-parser/lib/types/json.js:103:7)
    at Layer.handle [as handle_request] (/Users/bcooke/Documents/Workspace/RCSwebsite/api/node_modules/express/lib/router/layer.js:95:5)
    at trim_prefix (/Users/bcooke/Documents/Workspace/RCSwebsite/api/node_modules/express/lib/router/index.js:317:13)
    at /Users/bcooke/Documents/Workspace/RCSwebsite/api/node_modules/express/lib/router/index.js:284:7
    at Function.process_params (/Users/bcooke/Documents/Workspace/RCSwebsite/api/node_modules/express/lib/router/index.js:335:12)
    at next (/Users/bcooke/Documents/Workspace/RCSwebsite/api/node_modules/express/lib/router/index.js:275:10)
    at allowCrossDomain (/Users/bcooke/Documents/Workspace/RCSwebsite/api/common/common.js:47:9)
    at Layer.handle [as handle_request] (/Users/bcooke/Documents/Workspace/RCSwebsite/api/node_modules/express/lib/router/layer.js:95:5)
    at trim_prefix (/Users/bcooke/Documents/Workspace/RCSwebsite/api/node_modules/express/lib/router/index.js:317:13)
    at /Users/bcooke/Documents/Workspace/RCSwebsite/api/node_modules/express/lib/router/index.js:284:7
    at Function.process_params (/Users/bcooke/Documents/Workspace/RCSwebsite/api/node_modules/express/lib/router/index.js:335:12)
    at next (/Users/bcooke/Documents/Workspace/RCSwebsite/api/node_modules/express/lib/router/index.js:275:10)
    at expressInit (/Users/bcooke/Documents/Workspace/RCSwebsite/api/node_modules/express/lib/middleware/init.js:40:5)
    at Layer.handle [as handle_request] (/Users/bcooke/Documents/Workspace/RCSwebsite/api/node_modules/express/lib/router/layer.js:95:5)
    at trim_prefix (/Users/bcooke/Documents/Workspace/RCSwebsite/api/node_modules/express/lib/router/index.js:317:13)
    at /Users/bcooke/Documents/Workspace/RCSwebsite/api/node_modules/express/lib/router/index.js:284:7
    at Function.process_params (/Users/bcooke/Documents/Workspace/RCSwebsite/api/node_modules/express/lib/router/index.js:335:12)
    at next (/Users/bcooke/Documents/Workspace/RCSwebsite/api/node_modules/express/lib/router/index.js:275:10)
    at query (/Users/bcooke/Documents/Workspace/RCSwebsite/api/node_modules/express/lib/middleware/query.js:44:5)
    at Layer.handle [as handle_request] (/Users/bcooke/Documents/Workspace/RCSwebsite/api/node_modules/express/lib/router/layer.js:95:5)
    at trim_prefix (/Users/bcooke/Documents/Workspace/RCSwebsite/api/node_modules/express/lib/router/index.js:317:13)
    at /Users/bcooke/Documents/Workspace/RCSwebsite/api/node_modules/express/lib/router/index.js:284:7
    at Function.process_params (/Users/bcooke/Documents/Workspace/RCSwebsite/api/node_modules/express/lib/router/index.js:335:12)
    at next (/Users/bcooke/Documents/Workspace/RCSwebsite/api/node_modules/express/lib/router/index.js:275:10)
    at Function.handle (/Users/bcooke/Documents/Workspace/RCSwebsite/api/node_modules/express/lib/router/index.js:174:3)
    at EventEmitter.handle (/Users/bcooke/Documents/Workspace/RCSwebsite/api/node_modules/express/lib/application.js:174:10)
    at Server.app (/Users/bcooke/Documents/Workspace/RCSwebsite/api/node_modules/express/lib/express.js:38:9)
    at emitTwo (events.js:106:13)
    at Server.emit (events.js:191:7)
    at HTTPParser.parserOnIncoming [as onIncoming] (_http_server.js:546:12)
    at HTTPParser.parserOnHeadersComplete (_http_common.js:99:23)
2017-05-23T14:29:33.863Z - error:  TypeError: this.find is not a function
    at TeamModel.readByCategory (/Users/bcooke/Documents/Workspace/RCSwebsite/api/models/team/team.model.js:101:14)
    at Function.TeamModel.readByCategory (/Users/bcooke/Documents/Workspace/RCSwebsite/api/models/team/team.model.js:100:12)
    at /Users/bcooke/Documents/Workspace/RCSwebsite/api/models/team/endpoints.js:28:10
    at Layer.handle [as handle_request] (/Users/bcooke/Documents/Workspace/RCSwebsite/api/node_modules/express/lib/router/layer.js:95:5)
    at next (/Users/bcooke/Documents/Workspace/RCSwebsite/api/node_modules/express/lib/router/route.js:137:13)
    at Route.dispatch (/Users/bcooke/Documents/Workspace/RCSwebsite/api/node_modules/express/lib/router/route.js:112:3)
    at Layer.handle [as handle_request] (/Users/bcooke/Documents/Workspace/RCSwebsite/api/node_modules/express/lib/router/layer.js:95:5)
    at /Users/bcooke/Documents/Workspace/RCSwebsite/api/node_modules/express/lib/router/index.js:281:22
    at param (/Users/bcooke/Documents/Workspace/RCSwebsite/api/node_modules/express/lib/router/index.js:354:14)
    at param (/Users/bcooke/Documents/Workspace/RCSwebsite/api/node_modules/express/lib/router/index.js:365:14)
    at Function.process_params (/Users/bcooke/Documents/Workspace/RCSwebsite/api/node_modules/express/lib/router/index.js:410:3)
    at next (/Users/bcooke/Documents/Workspace/RCSwebsite/api/node_modules/express/lib/router/index.js:275:10)
    at Function.handle (/Users/bcooke/Documents/Workspace/RCSwebsite/api/node_modules/express/lib/router/index.js:174:3)
    at router (/Users/bcooke/Documents/Workspace/RCSwebsite/api/node_modules/express/lib/router/index.js:47:12)
    at Layer.handle [as handle_request] (/Users/bcooke/Documents/Workspace/RCSwebsite/api/node_modules/express/lib/router/layer.js:95:5)
    at trim_prefix (/Users/bcooke/Documents/Workspace/RCSwebsite/api/node_modules/express/lib/router/index.js:317:13)
    at /Users/bcooke/Documents/Workspace/RCSwebsite/api/node_modules/express/lib/router/index.js:284:7
    at Function.process_params (/Users/bcooke/Documents/Workspace/RCSwebsite/api/node_modules/express/lib/router/index.js:335:12)
    at next (/Users/bcooke/Documents/Workspace/RCSwebsite/api/node_modules/express/lib/router/index.js:275:10)
    at session (/Users/bcooke/Documents/Workspace/RCSwebsite/node_modules/express-session/index.js:454:7)
    at Layer.handle [as handle_request] (/Users/bcooke/Documents/Workspace/RCSwebsite/api/node_modules/express/lib/router/layer.js:95:5)
    at trim_prefix (/Users/bcooke/Documents/Workspace/RCSwebsite/api/node_modules/express/lib/router/index.js:317:13)
    at /Users/bcooke/Documents/Workspace/RCSwebsite/api/node_modules/express/lib/router/index.js:284:7
    at Function.process_params (/Users/bcooke/Documents/Workspace/RCSwebsite/api/node_modules/express/lib/router/index.js:335:12)
    at next (/Users/bcooke/Documents/Workspace/RCSwebsite/api/node_modules/express/lib/router/index.js:275:10)
    at urlencodedParser (/Users/bcooke/Documents/Workspace/RCSwebsite/api/node_modules/body-parser/lib/types/urlencoded.js:91:7)
    at Layer.handle [as handle_request] (/Users/bcooke/Documents/Workspace/RCSwebsite/api/node_modules/express/lib/router/layer.js:95:5)
    at trim_prefix (/Users/bcooke/Documents/Workspace/RCSwebsite/api/node_modules/express/lib/router/index.js:317:13)
    at /Users/bcooke/Documents/Workspace/RCSwebsite/api/node_modules/express/lib/router/index.js:284:7
    at Function.process_params (/Users/bcooke/Documents/Workspace/RCSwebsite/api/node_modules/express/lib/router/index.js:335:12)
    at next (/Users/bcooke/Documents/Workspace/RCSwebsite/api/node_modules/express/lib/router/index.js:275:10)
    at jsonParser (/Users/bcooke/Documents/Workspace/RCSwebsite/api/node_modules/body-parser/lib/types/json.js:103:7)
    at Layer.handle [as handle_request] (/Users/bcooke/Documents/Workspace/RCSwebsite/api/node_modules/express/lib/router/layer.js:95:5)
    at trim_prefix (/Users/bcooke/Documents/Workspace/RCSwebsite/api/node_modules/express/lib/router/index.js:317:13)
    at /Users/bcooke/Documents/Workspace/RCSwebsite/api/node_modules/express/lib/router/index.js:284:7
    at Function.process_params (/Users/bcooke/Documents/Workspace/RCSwebsite/api/node_modules/express/lib/router/index.js:335:12)
    at next (/Users/bcooke/Documents/Workspace/RCSwebsite/api/node_modules/express/lib/router/index.js:275:10)
    at allowCrossDomain (/Users/bcooke/Documents/Workspace/RCSwebsite/api/common/common.js:47:9)
    at Layer.handle [as handle_request] (/Users/bcooke/Documents/Workspace/RCSwebsite/api/node_modules/express/lib/router/layer.js:95:5)
    at trim_prefix (/Users/bcooke/Documents/Workspace/RCSwebsite/api/node_modules/express/lib/router/index.js:317:13)
    at /Users/bcooke/Documents/Workspace/RCSwebsite/api/node_modules/express/lib/router/index.js:284:7
    at Function.process_params (/Users/bcooke/Documents/Workspace/RCSwebsite/api/node_modules/express/lib/router/index.js:335:12)
    at next (/Users/bcooke/Documents/Workspace/RCSwebsite/api/node_modules/express/lib/router/index.js:275:10)
    at expressInit (/Users/bcooke/Documents/Workspace/RCSwebsite/api/node_modules/express/lib/middleware/init.js:40:5)
    at Layer.handle [as handle_request] (/Users/bcooke/Documents/Workspace/RCSwebsite/api/node_modules/express/lib/router/layer.js:95:5)
    at trim_prefix (/Users/bcooke/Documents/Workspace/RCSwebsite/api/node_modules/express/lib/router/index.js:317:13)
    at /Users/bcooke/Documents/Workspace/RCSwebsite/api/node_modules/express/lib/router/index.js:284:7
    at Function.process_params (/Users/bcooke/Documents/Workspace/RCSwebsite/api/node_modules/express/lib/router/index.js:335:12)
    at next (/Users/bcooke/Documents/Workspace/RCSwebsite/api/node_modules/express/lib/router/index.js:275:10)
    at query (/Users/bcooke/Documents/Workspace/RCSwebsite/api/node_modules/express/lib/middleware/query.js:44:5)
    at Layer.handle [as handle_request] (/Users/bcooke/Documents/Workspace/RCSwebsite/api/node_modules/express/lib/router/layer.js:95:5)
    at trim_prefix (/Users/bcooke/Documents/Workspace/RCSwebsite/api/node_modules/express/lib/router/index.js:317:13)
    at /Users/bcooke/Documents/Workspace/RCSwebsite/api/node_modules/express/lib/router/index.js:284:7
    at Function.process_params (/Users/bcooke/Documents/Workspace/RCSwebsite/api/node_modules/express/lib/router/index.js:335:12)
    at next (/Users/bcooke/Documents/Workspace/RCSwebsite/api/node_modules/express/lib/router/index.js:275:10)
    at Function.handle (/Users/bcooke/Documents/Workspace/RCSwebsite/api/node_modules/express/lib/router/index.js:174:3)
    at EventEmitter.handle (/Users/bcooke/Documents/Workspace/RCSwebsite/api/node_modules/express/lib/application.js:174:10)
    at Server.app (/Users/bcooke/Documents/Workspace/RCSwebsite/api/node_modules/express/lib/express.js:38:9)
    at emitTwo (events.js:106:13)
    at Server.emit (events.js:191:7)
    at HTTPParser.parserOnIncoming [as onIncoming] (_http_server.js:546:12)
    at HTTPParser.parserOnHeadersComplete (_http_common.js:99:23)
